Changed shell to /bin/fish

Installed extra fonts: ttf-dejavu ttf-croscore ttf-liberation ttf-droid ttf-bitstream-vera ttf-ibm-plex

Connected to WiFi

Enabled Firefox Wayland with MOZ_ENABLE_WAYLAND

Synced Firefox profile and signed into ProtonMail to do the 2-factor verification

Installed xdg-desktop-portals

Enabled some Firefox about:config tweaks to disable Pocket and enable XDG Portals

Rearranged Firefox UI

Changed KDE Plasma theme

Downloaded SSH keys

Installed git and cloned dotfiles, symlinked dotfiles

Install gnome-keyring, set up SSH and GPG agents

Enable Konsole Ctrl-Alt-T shortcut

Remove Konsole toolbars

Tweak /etc/pacman.conf

Set timeout to 0 for systemd-boot

Install paru

Enable some KDE desktop effects

Enable maliit-keyboard

Enable Firefox Plasma Integration

Set CapsLock to Compose

Enable pacman-contrib timers

Reverse mouse scroll direction and tweak touchpad and trackpoint

Remove a lot of auto-installed stuff

Install base-devel-meta

Install kde-system-meta kde-utilities-meta kde-graphics-meta

Reboot

Use Breeze theme for SDDM

Make Firefox open HTML links so it shows up as the default browser

Add some virtual desktops and rearrange bottom Plasma toolbar

Configure the fingerprint reader

Test and scale my monitor

Install tealdeer

Install firmware updates with fwupd

Reboot

Install more firmware updates

Reboot

Change units to metric

Install audio firmware

Install power-profiles-daemon to get power profile support

Install FreeRDP

Configure gnome-keyring

Add sftp entry to Dolphin sidebar

Change XDG_DESKTOP_DIR and XDG_DOWNLOAD_DIR to ~

Install Nextcloud client and sync stuff

Reboot

Make SDDM not tiny

Don't make Nextcloud client start automatically

Configure sound and mics

Install hunspell-en_us

KDE Connect!

Copy GPG key over

Install waypipe dolphin-plugins noto-fonts-emojis mpv vlc

Configure KDE app launcher favorites

Set up GPG key with gnome-keyring (always very tricky, create a `~/.gnupg/gpg-agent.conf` file with `pinentry-program pinentry-gnome3` which can later be deleted)

Enable more KDE and kwin shortcuts

Configure screen edges and corners

Turn down the screen brightness

Set up Nextcloud virtual files

Symlink XDG folders to Nextcloud

Enable trash autodelete and Dolphin Git plugin

Actually fix SDDM HiDPI
